#
# There is insufficient memory for the Java Runtime Environment to continue.
# Native memory allocation (malloc) failed to allocate 32744 bytes for ChunkPool::allocate
# Possible reasons:
#   The system is out of physical RAM or swap space
#   In 32 bit mode, the process size limit was hit
# Possible solutions:
#   Reduce memory load on the system
#   Increase physical memory or swap space
#   Check if swap backing store is full
#   Use 64 bit Java on a 64 bit OS
#   Decrease Java heap size (-Xmx/-Xms)
#   Decrease number of Java threads
#   Decrease Java thread stack sizes (-Xss)
#   Set larger code cache with -XX:ReservedCodeCacheSize=
# This output file may be truncated or incomplete.
#
#  Out of Memory Error (allocation.cpp:273), pid=1240, tid=14524
#
# JRE version: Java(TM) SE Runtime Environment (8.0_60-b27) (build 1.8.0_60-b27)
# Java VM: Java HotSpot(TM) 64-Bit Server VM (25.60-b23 mixed mode windows-amd64 compressed oops)
# Failed to write core dump. Minidumps are not enabled by default on client versions of Windows
#

---------------  T H R E A D  ---------------

Current thread (0x0000000014c28000):  JavaThread "C1 CompilerThread2" daemon [_thread_in_native, id=14524, stack(0x0000000016460000,0x0000000016560000)]

Stack: [0x0000000016460000,0x0000000016560000]
[error occurred during error reporting (printing stack bounds), id 0xc0000005]

Native frames: (J=compiled Java code, j=interpreted, Vv=VM code, C=native code)


Current CompileTask:
C1:   5423 1320   !   3       java.awt.DefaultKeyboardFocusManager::dispatchEvent (1589 bytes)


---------------  P R O C E S S  ---------------

Java Threads: ( => current thread )
  0x000000001a602000 JavaThread "TimerQueue" daemon [_thread_blocked, id=14680, stack(0x000000001c640000,0x000000001c740000)]
  0x000000001a768800 JavaThread "Swing-Shell" daemon [_thread_blocked, id=14668, stack(0x000000001bd20000,0x000000001be20000)]
  0x000000001a4be800 JavaThread "D3D Screen Updater" daemon [_thread_blocked, id=14620, stack(0x000000001b160000,0x000000001b260000)]
  0x0000000002990800 JavaThread "DestroyJavaVM" [_thread_blocked, id=212, stack(0x0000000002890000,0x0000000002990000)]
  0x000000001a467800 JavaThread "AWT-EventQueue-0" [_thread_in_Java, id=15180, stack(0x000000001b060000,0x000000001b160000)]
  0x0000000016904000 JavaThread "AWT-Windows" daemon [_thread_in_native, id=9768, stack(0x0000000016f10000,0x0000000017010000)]
  0x000000001694b800 JavaThread "AWT-Shutdown" [_thread_blocked, id=14884, stack(0x0000000016e10000,0x0000000016f10000)]
  0x000000001694a800 JavaThread "Java2D Disposer" daemon [_thread_blocked, id=4832, stack(0x0000000016d10000,0x0000000016e10000)]
  0x0000000016588000 JavaThread "Service Thread" daemon [_thread_blocked, id=15012, stack(0x0000000016960000,0x0000000016a60000)]
=>0x0000000014c28000 JavaThread "C1 CompilerThread2" daemon [_thread_in_native, id=14524, stack(0x0000000016460000,0x0000000016560000)]
  0x0000000014c1f800 JavaThread "C2 CompilerThread1" daemon [_thread_blocked, id=13428, stack(0x0000000016360000,0x0000000016460000)]
  0x0000000014c1c800 JavaThread "C2 CompilerThread0" daemon [_thread_blocked, id=14896, stack(0x0000000016260000,0x0000000016360000)]
  0x0000000014c1a000 JavaThread "Attach Listener" daemon [_thread_blocked, id=7276, stack(0x0000000016160000,0x0000000016260000)]
  0x0000000014c19000 JavaThread "Signal Dispatcher" daemon [_thread_blocked, id=7476, stack(0x0000000016060000,0x0000000016160000)]
  0x0000000002a85800 JavaThread "Finalizer" daemon [_thread_blocked, id=5564, stack(0x0000000015e80000,0x0000000015f80000)]
  0x0000000002a7d000 JavaThread "Reference Handler" daemon [_thread_blocked, id=7760, stack(0x0000000015d80000,0x0000000015e80000)]

Other Threads:
  0x0000000014be7000 VMThread [stack: 0x0000000015c80000,0x0000000015d80000] [id=14872]
  0x000000001658d800 WatcherThread [stack: 0x0000000016a60000,0x0000000016b60000] [id=5612]

VM state:not at safepoint (normal execution)

VM Mutex/Monitor currently owned by a thread: None

Heap:
 PSYoungGen      total 16896K, used 2228K [0x00000000edb00000, 0x00000000eed80000, 0x0000000100000000)
  eden space 14848K, 15% used [0x00000000edb00000,0x00000000edd2d180,0x00000000ee980000)
  from space 2048K, 0% used [0x00000000ee980000,0x00000000ee980000,0x00000000eeb80000)
  to   space 2048K, 0% used [0x00000000eeb80000,0x00000000eeb80000,0x00000000eed80000)
 ParOldGen       total 31744K, used 2293K [0x00000000c9000000, 0x00000000caf00000, 0x00000000edb00000)
  object space 31744K, 7% used [0x00000000c9000000,0x00000000c923d5f8,0x00000000caf00000)
 Metaspace       used 13910K, capacity 14168K, committed 14336K, reserved 1062912K
  class space    used 1888K, capacity 1964K, committed 2048K, reserved 1048576K

Card table byte_map: [0x0000000011e50000,0x0000000012010000] byte_map_base: 0x0000000011808000

Marking Bits: (ParMarkBitMap*) 0x000000005687a5b0
 Begin Bits: [0x0000000012540000, 0x0000000013300000)
 End Bits:   [0x0000000013300000, 0x00000000140c0000)

Polling page: 0x0000000001080000

CodeCache: size=245760Kb used=4152Kb max_used=4152Kb free=241607Kb
 bounds [0x0000000002a90000, 0x0000000002ea0000, 0x0000000011a90000]
 total_blobs=1840 nmethods=1319 adapters=434
 compilation: enabled

Compilation events (10 events):
Event: 5.321 Thread 0x0000000014c28000 nmethod 1311 0x0000000002e98dd0 code [0x0000000002e98f60, 0x0000000002e994e8]
Event: 5.324 Thread 0x0000000014c28000 1312   !   3       sun.awt.AWTAutoShutdown::getPeer (43 bytes)
Event: 5.325 Thread 0x0000000014c28000 nmethod 1312 0x0000000002e99790 code [0x0000000002e99920, 0x0000000002e99e88]
Event: 5.330 Thread 0x0000000014c28000 1313   !   3       sun.awt.GlobalCursorManager::_updateCursor (165 bytes)
Event: 5.332 Thread 0x0000000014c28000 nmethod 1313 0x0000000002e9a450 code [0x0000000002e9a740, 0x0000000002e9c0b8]
Event: 5.361 Thread 0x0000000014c28000 1317       3       sun.reflect.UnsafeBooleanFieldAccessorImpl::setBoolean (30 bytes)
Event: 5.364 Thread 0x0000000014c28000 nmethod 1317 0x0000000002e9d890 code [0x0000000002e9daa0, 0x0000000002e9e958]
Event: 5.365 Thread 0x0000000014c28000 1319       3       sun.java2d.d3d.D3DSurfaceData::getBounds (52 bytes)
Event: 5.367 Thread 0x0000000014c28000 nmethod 1319 0x0000000002e9ef90 code [0x0000000002e9f160, 0x0000000002e9f9c8]
Event: 5.371 Thread 0x0000000014c28000 1320   !   3       java.awt.DefaultKeyboardFocusManager::dispatchEvent (1589 bytes)

GC Heap History (4 events):
Event: 3.316 GC heap before
{Heap before GC invocations=1 (full 0):
 PSYoungGen      total 16896K, used 8912K [0x00000000edb00000, 0x00000000eed80000, 0x0000000100000000)
  eden space 14848K, 60% used [0x00000000edb00000,0x00000000ee3b41d0,0x00000000ee980000)
  from space 2048K, 0% used [0x00000000eeb80000,0x00000000eeb80000,0x00000000eed80000)
  to   space 2048K, 0% used [0x00000000ee980000,0x00000000ee980000,0x00000000eeb80000)
 ParOldGen       total 38400K, used 0K [0x00000000c9000000, 0x00000000cb580000, 0x00000000edb00000)
  object space 38400K, 0% used [0x00000000c9000000,0x00000000c9000000,0x00000000cb580000)
 Metaspace       used 13424K, capacity 13620K, committed 13824K, reserved 1064960K
  class space    used 1857K, capacity 1932K, committed 2048K, reserved 1048576K
Event: 3.324 GC heap after
Heap after GC invocations=1 (full 0):
 PSYoungGen      total 16896K, used 2048K [0x00000000edb00000, 0x00000000eed80000, 0x0000000100000000)
  eden space 14848K, 0% used [0x00000000edb00000,0x00000000edb00000,0x00000000ee980000)
  from space 2048K, 100% used [0x00000000ee980000,0x00000000eeb80000,0x00000000eeb80000)
  to   space 2048K, 0% used [0x00000000eeb80000,0x00000000eeb80000,0x00000000eed80000)
 ParOldGen       total 38400K, used 280K [0x00000000c9000000, 0x00000000cb580000, 0x00000000edb00000)
  object space 38400K, 0% used [0x00000000c9000000,0x00000000c9046018,0x00000000cb580000)
 Metaspace       used 13424K, capacity 13620K, committed 13824K, reserved 1064960K
  class space    used 1857K, capacity 1932K, committed 2048K, reserved 1048576K
}
Event: 3.324 GC heap before
{Heap before GC invocations=2 (full 1):
 PSYoungGen      total 16896K, used 2048K [0x00000000edb00000, 0x00000000eed80000, 0x0000000100000000)
  eden space 14848K, 0% used [0x00000000edb00000,0x00000000edb00000,0x00000000ee980000)
  from space 2048K, 100% used [0x00000000ee980000,0x00000000eeb80000,0x00000000eeb80000)
  to   space 2048K, 0% used [0x00000000eeb80000,0x00000000eeb80000,0x00000000eed80000)
 ParOldGen       total 38400K, used 280K [0x00000000c9000000, 0x00000000cb580000, 0x00000000edb00000)
  object space 38400K, 0% used [0x00000000c9000000,0x00000000c9046018,0x00000000cb580000)
 Metaspace       used 13424K, capacity 13620K, committed 13824K, reserved 1064960K
  class space    used 1857K, capacity 1932K, committed 2048K, reserved 1048576K
Event: 3.415 GC heap after
Heap after GC invocations=2 (full 1):
 PSYoungGen      total 16896K, used 0K [0x00000000edb00000, 0x00000000eed80000, 0x0000000100000000)
  eden space 14848K, 0% used [0x00000000edb00000,0x00000000edb00000,0x00000000ee980000)
  from space 2048K, 0% used [0x00000000ee980000,0x00000000ee980000,0x00000000eeb80000)
  to   space 2048K, 0% used [0x00000000eeb80000,0x00000000eeb80000,0x00000000eed80000)
 ParOldGen       total 31744K, used 2293K [0x00000000c9000000, 0x00000000caf00000, 0x00000000edb00000)
  object space 31744K, 7% used [0x00000000c9000000,0x00000000c923d5f8,0x00000000caf00000)
 Metaspace       used 13424K, capacity 13620K, committed 13824K, reserved 1062912K
  class space    used 1857K, capacity 1932K, committed 2048K, reserved 1048576K
}

Deoptimization events (10 events):
Event: 2.341 Thread 0x000000001a467800 Uncommon trap: reason=bimorphic action=maybe_recompile pc=0x0000000002c8b9b8 method=java.util.HashMap.putVal(ILjava/lang/Object;Ljava/lang/Object;ZZ)Ljava/lang/Object; @ 152
Event: 2.833 Thread 0x000000001a467800 Uncommon trap: reason=unstable_if action=reinterpret pc=0x0000000002c9bb14 method=java.lang.String.<init>([CII)V @ 18
Event: 2.973 Thread 0x000000001a467800 Uncommon trap: reason=class_check action=maybe_recompile pc=0x0000000002c1ce28 method=java.lang.String.equals(Ljava/lang/Object;)Z @ 8
Event: 2.989 Thread 0x000000001a467800 Uncommon trap: reason=class_check action=maybe_recompile pc=0x0000000002c1ce28 method=java.lang.String.equals(Ljava/lang/Object;)Z @ 8
Event: 2.989 Thread 0x000000001a467800 Uncommon trap: reason=class_check action=maybe_recompile pc=0x0000000002c1ce28 method=java.lang.String.equals(Ljava/lang/Object;)Z @ 8
Event: 2.989 Thread 0x000000001a467800 Uncommon trap: reason=class_check action=maybe_recompile pc=0x0000000002c1ce28 method=java.lang.String.equals(Ljava/lang/Object;)Z @ 8
Event: 3.123 Thread 0x000000001a467800 Uncommon trap: reason=bimorphic action=maybe_recompile pc=0x0000000002c8b9b8 method=java.util.HashMap.putVal(ILjava/lang/Object;Ljava/lang/Object;ZZ)Ljava/lang/Object; @ 152
Event: 3.152 Thread 0x000000001a467800 Uncommon trap: reason=bimorphic action=maybe_recompile pc=0x0000000002c8b9b8 method=java.util.HashMap.putVal(ILjava/lang/Object;Ljava/lang/Object;ZZ)Ljava/lang/Object; @ 152
Event: 3.155 Thread 0x000000001a467800 Uncommon trap: reason=unstable_if action=reinterpret pc=0x0000000002d5a41c method=java.awt.MultipleGradientPaintContext.indexIntoGradientsArrays(F)I @ 24
Event: 3.176 Thread 0x000000001a467800 Uncommon trap: reason=bimorphic action=maybe_recompile pc=0x0000000002c8b9b8 method=java.util.HashMap.putVal(ILjava/lang/Object;Ljava/lang/Object;ZZ)Ljava/lang/Object; @ 152

Internal exceptions (10 events):
Event: 0.823 Thread 0x000000001a467800 Exception <a 'java/lang/ClassNotFoundException': ToolBar> (0x00000000edf2a9d0) thrown at [C:\re\workspace\8-2-build-windows-amd64-cygwin\jdk8u60\4407\hotspot\src\share\vm\classfile\systemDictionary.cpp, line 210]
Event: 0.823 Thread 0x000000001a467800 Exception <a 'java/lang/ClassNotFoundException': ToggleButton> (0x00000000edf2af80) thrown at [C:\re\workspace\8-2-build-windows-amd64-cygwin\jdk8u60\4407\hotspot\src\share\vm\classfile\systemDictionary.cpp, line 210]
Event: 0.823 Thread 0x000000001a467800 Exception <a 'java/lang/ClassNotFoundException': javax/swing/JToolBarSeparator> (0x00000000edf2b3e0) thrown at [C:\re\workspace\8-2-build-windows-amd64-cygwin\jdk8u60\4407\hotspot\src\share\vm\classfile\systemDictionary.cpp, line 210]
Event: 0.823 Thread 0x000000001a467800 Exception <a 'java/lang/ClassNotFoundException': ToolBarSeparator> (0x00000000edf2b878) thrown at [C:\re\workspace\8-2-build-windows-amd64-cygwin\jdk8u60\4407\hotspot\src\share\vm\classfile\systemDictionary.cpp, line 210]
Event: 0.824 Thread 0x000000001a467800 Exception <a 'java/lang/ClassNotFoundException': ToolTip> (0x00000000edf2bfb8) thrown at [C:\re\workspace\8-2-build-windows-amd64-cygwin\jdk8u60\4407\hotspot\src\share\vm\classfile\systemDictionary.cpp, line 210]
Event: 0.826 Thread 0x000000001a467800 Exception <a 'java/lang/ClassNotFoundException': Tree> (0x00000000edf2cbd8) thrown at [C:\re\workspace\8-2-build-windows-amd64-cygwin\jdk8u60\4407\hotspot\src\share\vm\classfile\systemDictionary.cpp, line 210]
Event: 0.827 Thread 0x000000001a467800 Exception <a 'java/lang/ClassNotFoundException': Tree> (0x00000000edf2d318) thrown at [C:\re\workspace\8-2-build-windows-amd64-cygwin\jdk8u60\4407\hotspot\src\share\vm\classfile\systemDictionary.cpp, line 210]
Event: 0.827 Thread 0x000000001a467800 Exception <a 'java/lang/ClassNotFoundException': javax/swing/JTreeCell> (0x00000000edf2d698) thrown at [C:\re\workspace\8-2-build-windows-amd64-cygwin\jdk8u60\4407\hotspot\src\share\vm\classfile\systemDictionary.cpp, line 210]
Event: 0.827 Thread 0x000000001a467800 Exception <a 'java/lang/ClassNotFoundException': TreeCell> (0x00000000edf2db20) thrown at [C:\re\workspace\8-2-build-windows-amd64-cygwin\jdk8u60\4407\hotspot\src\share\vm\classfile\systemDictionary.cpp, line 210]
Event: 0.827 Thread 0x000000001a467800 Exception <a 'java/lang/ClassNotFoundException': RootPane> (0x00000000edf2e398) thrown at [C:\re\workspace\8-2-build-windows-amd64-cygwin\jdk8u60\4407\hotspot\src\share\vm\classfile\systemDictionary.cpp, line 210]

Events (10 events):
Event: 4.617 loading class javax/swing/Autoscroller
Event: 4.618 loading class javax/swing/Autoscroller done
Event: 4.619 loading class javax/swing/plaf/basic/BasicPopupMenuUI$MouseGrabber$2
Event: 4.620 loading class javax/swing/plaf/basic/BasicPopupMenuUI$MouseGrabber$2 done
Event: 5.175 loading class javax/swing/plaf/nimbus/TreeCellPainter
Event: 5.175 loading class javax/swing/plaf/nimbus/TreeCellPainter done
Event: 5.235 loading class javax/swing/text/GapContent$RemoveUndo
Event: 5.235 loading class javax/swing/text/GapContent$RemoveUndo done
Event: 5.235 loading class javax/swing/text/GapContent$UndoPosRef
Event: 5.235 loading class javax/swing/text/GapContent$UndoPosRef done


Dynamic libraries:
0x00007ff795a80000 - 0x00007ff795ab7000 	C:\Program Files\Java\jre1.8.0_60\bin\javaw.exe
0x00007ffa0ef90000 - 0x00007ffa0f151000 	C:\WINDOWS\SYSTEM32\ntdll.dll
0x00007ffa0cca0000 - 0x00007ffa0cd4d000 	C:\WINDOWS\system32\KERNEL32.DLL
0x00007ffa0bac0000 - 0x00007ffa0bc9d000 	C:\WINDOWS\system32\KERNELBASE.dll
0x00007ffa0d4a0000 - 0x00007ffa0d546000 	C:\WINDOWS\system32\ADVAPI32.dll
0x00007ffa0eeb0000 - 0x00007ffa0ef4d000 	C:\WINDOWS\system32\msvcrt.dll
0x00007ffa0d560000 - 0x00007ffa0d5bb000 	C:\WINDOWS\system32\sechost.dll
0x00007ffa0d5d0000 - 0x00007ffa0d6f6000 	C:\WINDOWS\system32\RPCRT4.dll
0x00007ffa0ed60000 - 0x00007ffa0eeae000 	C:\WINDOWS\system32\USER32.dll
0x00007ffa0cd60000 - 0x00007ffa0cee6000 	C:\WINDOWS\system32\GDI32.dll
0x00007ff9fdc20000 - 0x00007ff9fde94000 	C:\WINDOWS\WinSxS\amd64_microsoft.windows.common-controls_6595b64144ccf1df_6.0.10240.16384_none_f41f7b285750ef43\COMCTL32.dll
0x00007ffa0ef50000 - 0x00007ffa0ef86000 	C:\WINDOWS\system32\IMM32.DLL
0x00007ffa0cef0000 - 0x00007ffa0d04c000 	C:\WINDOWS\system32\MSCTF.dll
0x0000000057270000 - 0x0000000057342000 	C:\Program Files\Java\jre1.8.0_60\bin\msvcr100.dll
0x0000000056070000 - 0x00000000568f9000 	C:\Program Files\Java\jre1.8.0_60\bin\server\jvm.dll
0x00007ffa0d5c0000 - 0x00007ffa0d5c8000 	C:\WINDOWS\system32\PSAPI.DLL
0x00007ffa0a090000 - 0x00007ffa0a0b3000 	C:\WINDOWS\SYSTEM32\WINMM.dll
0x00007ff9efd30000 - 0x00007ff9efd39000 	C:\WINDOWS\SYSTEM32\WSOCK32.dll
0x00007ffa08450000 - 0x00007ffa0845a000 	C:\WINDOWS\SYSTEM32\VERSION.dll
0x00007ffa0d260000 - 0x00007ffa0d2c9000 	C:\WINDOWS\system32\WS2_32.dll
0x00007ffa0d550000 - 0x00007ffa0d558000 	C:\WINDOWS\system32\NSI.dll
0x00007ffa0a030000 - 0x00007ffa0a05c000 	C:\WINDOWS\SYSTEM32\WINMMBASE.dll
0x00007ffa0c610000 - 0x00007ffa0c654000 	C:\WINDOWS\system32\cfgmgr32.dll
0x00007ffa0a290000 - 0x00007ffa0a2b7000 	C:\WINDOWS\SYSTEM32\DEVOBJ.dll
0x0000000055f80000 - 0x0000000055f8f000 	C:\Program Files\Java\jre1.8.0_60\bin\verify.dll
0x0000000055f50000 - 0x0000000055f79000 	C:\Program Files\Java\jre1.8.0_60\bin\java.dll
0x0000000055f30000 - 0x0000000055f46000 	C:\Program Files\Java\jre1.8.0_60\bin\zip.dll
0x00007ffa0d830000 - 0x00007ffa0ed52000 	C:\WINDOWS\system32\SHELL32.dll
0x00007ffa0bf30000 - 0x00007ffa0c558000 	C:\WINDOWS\system32\windows.storage.dll
0x00007ffa0c8c0000 - 0x00007ffa0cb3c000 	C:\WINDOWS\system32\combase.dll
0x00007ffa0cc40000 - 0x00007ffa0cc91000 	C:\WINDOWS\system32\shlwapi.dll
0x00007ffa0b9e0000 - 0x00007ffa0b9ef000 	C:\WINDOWS\system32\kernel.appcore.dll
0x00007ffa0be70000 - 0x00007ffa0bf23000 	C:\WINDOWS\system32\shcore.dll
0x00007ffa0ba10000 - 0x00007ffa0ba5a000 	C:\WINDOWS\system32\powrprof.dll
0x00007ffa0b9f0000 - 0x00007ffa0ba03000 	C:\WINDOWS\system32\profapi.dll
0x0000000055cc0000 - 0x0000000055e58000 	C:\Program Files\Java\jre1.8.0_60\bin\awt.dll
0x00007ffa0d1a0000 - 0x00007ffa0d25e000 	C:\WINDOWS\system32\OLEAUT32.dll
0x00007ffa09fb0000 - 0x00007ffa0a028000 	C:\WINDOWS\system32\apphelp.dll
0x00007ffa08930000 - 0x00007ffa08952000 	C:\WINDOWS\system32\DWMAPI.DLL
0x00007ffa0a3b0000 - 0x00007ffa0a446000 	C:\WINDOWS\system32\uxtheme.dll
0x00007ffa0d050000 - 0x00007ffa0d191000 	C:\WINDOWS\system32\ole32.dll
0x00007ffa0b7e0000 - 0x00007ffa0b84b000 	C:\WINDOWS\SYSTEM32\bcryptPrimitives.dll
0x00007ff9e32a0000 - 0x00007ff9e34b0000 	C:\WINDOWS\system32\d3d9.dll
0x00007ffa08460000 - 0x00007ffa085c4000 	C:\WINDOWS\SYSTEM32\aticfx64.dll
0x00007ff9e3270000 - 0x00007ff9e3291000 	C:\WINDOWS\SYSTEM32\atiu9p64.dll
0x00007ff9e17d0000 - 0x00007ff9e2029000 	C:\WINDOWS\SYSTEM32\atiumd64.dll
0x0000000056900000 - 0x0000000057188000 	C:\WINDOWS\SYSTEM32\atiumd6a.dll
0x00000000573a0000 - 0x00000000573e7000 	C:\Program Files\Java\jre1.8.0_60\bin\fontmanager.dll
0x0000000055f10000 - 0x0000000055f2a000 	C:\Program Files\Java\jre1.8.0_60\bin\net.dll
0x00007ffa0b230000 - 0x00007ffa0b28d000 	C:\WINDOWS\system32\mswsock.dll
0x0000000055ef0000 - 0x0000000055f01000 	C:\Program Files\Java\jre1.8.0_60\bin\nio.dll
0x0000000057350000 - 0x0000000057392000 	C:\Program Files\Java\jre1.8.0_60\bin\t2k.dll
0x00007ff9eeeb0000 - 0x00007ff9eef5a000 	C:\WINDOWS\WinSxS\amd64_microsoft.windows.common-controls_6595b64144ccf1df_5.82.10240.16384_none_0212ec7eba871e86\comctl32.dll
0x00007ffa0c810000 - 0x00007ffa0c8b5000 	C:\WINDOWS\system32\clbcatq.dll
0x00007ffa08ef0000 - 0x00007ffa09073000 	C:\WINDOWS\SYSTEM32\PROPSYS.dll
0x00007ffa0b290000 - 0x00007ffa0b2a7000 	C:\WINDOWS\SYSTEM32\cryptsp.dll
0x00007ffa0b8f0000 - 0x00007ffa0b918000 	C:\WINDOWS\SYSTEM32\bcrypt.dll
0x00007ffa0aee0000 - 0x00007ffa0af13000 	C:\WINDOWS\system32\rsaenh.dll
0x00007ffa0b400000 - 0x00007ffa0b40b000 	C:\WINDOWS\SYSTEM32\CRYPTBASE.dll
0x00007ff9fd6f0000 - 0x00007ff9fdb5a000 	C:\Windows\System32\ActXPrxy.dll
0x00007ff9f3180000 - 0x00007ff9f3322000 	C:\WINDOWS\system32\NetworkExplorer.dll
0x00007ffa0ac50000 - 0x00007ffa0ac6c000 	C:\WINDOWS\SYSTEM32\MPR.dll
0x00007ff9fc8b0000 - 0x00007ff9fc8bb000 	C:\WINDOWS\System32\drprov.dll
0x00007ffa0abb0000 - 0x00007ffa0ac08000 	C:\WINDOWS\System32\WINSTA.dll
0x00007ff9fc890000 - 0x00007ff9fc8a6000 	C:\WINDOWS\System32\ntlanman.dll
0x00007ff9fc870000 - 0x00007ff9fc890000 	C:\WINDOWS\System32\davclnt.dll
0x00007ff9fc860000 - 0x00007ff9fc86c000 	C:\WINDOWS\System32\DAVHLPR.dll
0x00007ffa08ad0000 - 0x00007ffa08ae6000 	C:\WINDOWS\System32\wkscli.dll
0x00007ff9fc4a0000 - 0x00007ff9fc4b2000 	C:\WINDOWS\SYSTEM32\cscapi.dll
0x00007ffa0ac70000 - 0x00007ffa0ac7c000 	C:\WINDOWS\System32\netutils.dll
0x00007ffa049e0000 - 0x00007ffa04a5f000 	C:\Windows\System32\dlnashext.dll
0x00007ffa028b0000 - 0x00007ffa02921000 	C:\Windows\System32\PlayToDevice.dll
0x00007ffa04d80000 - 0x00007ffa04d9e000 	C:\Windows\System32\DevDispItemProvider.dll
0x00007ffa03fc0000 - 0x00007ffa04032000 	C:\WINDOWS\System32\MMDevApi.dll
0x00007ff9facb0000 - 0x00007ff9faeb3000 	C:\WINDOWS\system32\wpdshext.dll
0x00007ffa004e0000 - 0x00007ffa00689000 	C:\WINDOWS\WinSxS\amd64_microsoft.windows.gdiplus_6595b64144ccf1df_1.1.10240.16384_none_89a94c179af51f83\gdiplus.dll
0x00007ffa09250000 - 0x00007ffa092f1000 	C:\Windows\System32\PortableDeviceApi.dll
0x00007ffa0d2d0000 - 0x00007ffa0d495000 	C:\WINDOWS\system32\SETUPAPI.dll
0x00007ffa0ba60000 - 0x00007ffa0bab4000 	C:\WINDOWS\system32\WINTRUST.dll
0x00007ffa0b9c0000 - 0x00007ffa0b9d1000 	C:\WINDOWS\system32\MSASN1.dll
0x00007ffa0bca0000 - 0x00007ffa0be61000 	C:\WINDOWS\system32\CRYPT32.dll
0x00007ffa04b50000 - 0x00007ffa04b87000 	C:\Windows\System32\EhStorShell.dll
0x00007ff9fd3f0000 - 0x00007ff9fd416000 	C:\Windows\System32\EhStorAPI.dll
0x00007ffa098a0000 - 0x00007ffa098b3000 	C:\Windows\System32\WTSAPI32.dll
0x00007ff9fc110000 - 0x00007ff9fc11d000 	C:\WINDOWS\SYSTEM32\LINKINFO.dll
0x00007ffa076e0000 - 0x00007ffa07892000 	C:\WINDOWS\SYSTEM32\WindowsCodecs.dll
0x00007ff9f9e40000 - 0x00007ff9f9e86000 	C:\WINDOWS\system32\dataexchange.dll
0x00007ffa08670000 - 0x00007ffa08913000 	C:\WINDOWS\system32\d3d11.dll
0x00007ffa03a70000 - 0x00007ffa03fb5000 	C:\WINDOWS\system32\d2d1.dll
0x00007ffa09b40000 - 0x00007ffa09c11000 	C:\WINDOWS\system32\dcomp.dll
0x00007ffa085d0000 - 0x00007ffa0866c000 	C:\WINDOWS\system32\dxgi.dll
0x00007ffa0a2c0000 - 0x00007ffa0a3ae000 	C:\WINDOWS\system32\twinapi.appcore.dll
0x00007ffa0b080000 - 0x00007ffa0b09f000 	C:\WINDOWS\system32\USERENV.dll
0x0000000057240000 - 0x000000005726a000 	C:\Program Files\Java\jre1.8.0_60\bin\dcpr.dll

VM Arguments:
jvm_args: -Dfile.encoding=Cp1252 
java_command: MappingTool.MappingTool
java_class_path (initial): C:\Users\Alonso\Documents\Software Engineering\Mapping Tool\bin;C:\Users\Alonso\Documents\Software Engineering\Mapping Tool\jgoodies-forms-1.8.0.jar;C:\Users\Alonso\Documents\Software Engineering\Mapping Tool\miglayout15-swing.jar
Launcher Type: SUN_STANDARD

Environment Variables:
PATH=C:/Program Files/Java/jre1.8.0_60/bin/server;C:/Program Files/Java/jre1.8.0_60/bin;C:/Program Files/Java/jre1.8.0_60/lib/amd64;C:\WinAVR-20100110\bin;C:\WinAVR-20100110\utils\bin;C:\ProgramData\Oracle\Java\javapath;C:\WINDOWS\system32;C:\WINDOWS;C:\WINDOWS\System32\Wbem;C:\WINDOWS\System32\WindowsPowerShell\v1.0\;C:\Program Files (x86)\ATI Technologies\ATI.ACE\Core-Static;C:\WINDOWS\system32\config\systemprofile\.dnx\bin;C:\Program Files\Microsoft DNX\Dnvm\;C:\Program Files (x86)\Skype\Phone\;C:\WINDOWS\system32;
USERNAME=Alonso
OS=Windows_NT
PROCESSOR_IDENTIFIER=AMD64 Family 22 Model 48 Stepping 1, AuthenticAMD



---------------  S Y S T E M  ---------------

OS: Windows 10.0 , 64 bit Build 10240 (10.0.10240.16384)

CPU:total 4 (4 cores per cpu, 1 threads per core) family 22 model 48 stepping 1, cmov, cx8, fxsr, mmx, sse, sse2, sse3, ssse3, sse4.1, sse4.2, popcnt, avx, aes, clmul, mmxext, 3dnowpref, lzcnt, sse4a, tsc, tscinvbit, tscinv, bmi1

Memory: 4k page, physical 3603336k(555620k free), swap 14613384k(3296k free)

vm_info: Java HotSpot(TM) 64-Bit Server VM (25.60-b23) for windows-amd64 JRE (1.8.0_60-b27), built on Aug  4 2015 11:06:27 by "java_re" with MS VC++ 10.0 (VS2010)

time: Sun Nov 15 18:19:32 2015
elapsed time: 5 seconds (0d 0h 0m 5s)

